<?xml version="1.0" encoding="UTF-8"?>
<!-- Generated by org.testng.reporters.JUnitXMLReporter -->
<testsuite hostname="DESKTOP-V3O9M40" name="Default test" tests="27" failures="0" timestamp="2 Jun 2019 18:56:07 GMT" time="49.594" errors="0">
  <testcase name="invalidUserportalLogin" time="1.616" classname="VenuesAutomation.portalLogin"/>
  <testcase name="portalLogin" time="1.742" classname="VenuesAutomation.portalLogin"/>
  <testcase name="addVenue" time="5.384" classname="VenuesAutomation.CreateVenue"/>
  <testcase name="invalidOrganization" time="1.588" classname="VenuesAutomation.CreateVenue"/>
  <testcase name="invalidToken" time="1.578" classname="VenuesAutomation.CreateVenue"/>
  <testcase name="portalLogin" time="1.716" classname="VenuesAutomation.CompleteVenueTesting"/>
  <testcase name="addVenue" time="2.682" classname="VenuesAutomation.CompleteVenueTesting"/>
  <testcase name="mapinvalidOrganization" time="1.577" classname="VenuesAutomation.MapAdminWithVenue"/>
  <testcase name="invalidOrganization" time="1.595" classname="VenuesAutomation.CompleteVenueTesting"/>
  <testcase name="mapinvalidToken" time="1.58" classname="VenuesAutomation.MapAdminWithVenue"/>
  <testcase name="invalidToken" time="1.547" classname="VenuesAutomation.CompleteVenueTesting"/>
  <testcase name="mapinvalidVenue" time="1.588" classname="VenuesAutomation.MapAdminWithVenue"/>
  <testcase name="mapinvalidOrganization" time="1.566" classname="VenuesAutomation.CompleteVenueTesting"/>
  <testcase name="MappingVenue" time="3.065" classname="VenuesAutomation.MapAdminWithVenue"/>
  <testcase name="mapinvalidToken" time="1.538" classname="VenuesAutomation.CompleteVenueTesting"/>
  <testcase name="mapinvalidVenue" time="1.572" classname="VenuesAutomation.CompleteVenueTesting"/>
  <testcase name="MappingVenue" time="1.633" classname="VenuesAutomation.CompleteVenueTesting"/>
  <testcase name="grpinvalidOrganization" time="1.56" classname="VenuesAutomation.CompleteVenueTesting"/>
  <testcase name="grpinvalidToken" time="1.516" classname="VenuesAutomation.CompleteVenueTesting"/>
  <testcase name="invalidVenue" time="1.565" classname="VenuesAutomation.CompleteVenueTesting"/>
  <testcase name="invalidGroup" time="1.561" classname="VenuesAutomation.CompleteVenueTesting"/>
  <testcase name="invalidRoles" time="1.581" classname="VenuesAutomation.CompleteVenueTesting"/>
  <testcase name="MapAdminandVenue" time="1.704" classname="VenuesAutomation.CompleteVenueTesting"/>
  <testcase name="inviteinvalidOrganization" time="1.58" classname="VenuesAutomation.CompleteVenueTesting"/>
  <testcase name="inviteinvalidToken" time="1.549" classname="VenuesAutomation.CompleteVenueTesting"/>
  <testcase name="inviteinvalidGroup" time="1.659" classname="VenuesAutomation.CompleteVenueTesting"/>
  <testcase name="enableInviteGroup" time="1.551" classname="VenuesAutomation.CompleteVenueTesting"/>
</testsuite> <!-- Default test -->
