<?xml version="1.0" encoding="UTF-8"?>
<!-- Generated by org.testng.reporters.JUnitXMLReporter -->
<testsuite hostname="DESKTOP-V3O9M40" name="Default test" tests="17" failures="0" timestamp="3 Jun 2019 09:06:12 GMT" time="32.096" errors="0">
  <testcase name="addVenue" time="2.56" classname="VenuesAutomation.CompleteVenueTesting"/>
  <testcase name="invalidOrganization" time="1.801" classname="VenuesAutomation.CompleteVenueTesting"/>
  <testcase name="invalidToken" time="1.89" classname="VenuesAutomation.CompleteVenueTesting"/>
  <testcase name="enableInviteGroup" time="1.835" classname="VenuesAutomation.CompleteVenueTesting"/>
  <testcase name="mapinvalidOrganization" time="1.853" classname="VenuesAutomation.CompleteVenueTesting"/>
  <testcase name="mapinvalidToken" time="1.908" classname="VenuesAutomation.CompleteVenueTesting"/>
  <testcase name="mapinvalidVenue" time="2.024" classname="VenuesAutomation.CompleteVenueTesting"/>
  <testcase name="MappingVenue" time="1.988" classname="VenuesAutomation.CompleteVenueTesting"/>
  <testcase name="grpinvalidOrganization" time="1.675" classname="VenuesAutomation.CompleteVenueTesting"/>
  <testcase name="grpinvalidToken" time="1.748" classname="VenuesAutomation.CompleteVenueTesting"/>
  <testcase name="invalidVenue" time="1.752" classname="VenuesAutomation.CompleteVenueTesting"/>
  <testcase name="invalidGroup" time="1.89" classname="VenuesAutomation.CompleteVenueTesting"/>
  <testcase name="invalidRoles" time="1.687" classname="VenuesAutomation.CompleteVenueTesting"/>
  <testcase name="GroupVenuePermission" time="1.785" classname="VenuesAutomation.CompleteVenueTesting"/>
  <testcase name="inviteinvalidOrganization" time="1.855" classname="VenuesAutomation.CompleteVenueTesting"/>
  <testcase name="inviteinvalidToken" time="1.925" classname="VenuesAutomation.CompleteVenueTesting"/>
  <testcase name="inviteinvalidGroup" time="1.759" classname="VenuesAutomation.CompleteVenueTesting"/>
</testsuite> <!-- Default test -->
