<?xml version="1.0" encoding="UTF-8"?>
<testng-results skipped="0" failed="0" total="17" passed="17">
  <reporter-output>
  </reporter-output>
  <suite name="Default suite" duration-ms="32096" started-at="2019-06-03T09:05:39Z" finished-at="2019-06-03T09:06:12Z">
    <groups>
      <group name="Permissions">
        <method signature="CompleteVenueTesting.GroupVenuePermission()[pri:13, instance:VenuesAutomation.CompleteVenueTesting@5ef8df1e]" name="GroupVenuePermission" class="VenuesAutomation.CompleteVenueTesting"/>
        <method signature="CompleteVenueTesting.grpinvalidOrganization()[pri:8, instance:VenuesAutomation.CompleteVenueTesting@5ef8df1e]" name="grpinvalidOrganization" class="VenuesAutomation.CompleteVenueTesting"/>
        <method signature="CompleteVenueTesting.grpinvalidToken()[pri:9, instance:VenuesAutomation.CompleteVenueTesting@5ef8df1e]" name="grpinvalidToken" class="VenuesAutomation.CompleteVenueTesting"/>
        <method signature="CompleteVenueTesting.invalidGroup()[pri:11, instance:VenuesAutomation.CompleteVenueTesting@5ef8df1e]" name="invalidGroup" class="VenuesAutomation.CompleteVenueTesting"/>
        <method signature="CompleteVenueTesting.invalidRoles()[pri:12, instance:VenuesAutomation.CompleteVenueTesting@5ef8df1e]" name="invalidRoles" class="VenuesAutomation.CompleteVenueTesting"/>
        <method signature="CompleteVenueTesting.invalidVenue()[pri:10, instance:VenuesAutomation.CompleteVenueTesting@5ef8df1e]" name="invalidVenue" class="VenuesAutomation.CompleteVenueTesting"/>
      </group> <!-- Permissions -->
      <group name="MapAdminWithVenue">
        <method signature="CompleteVenueTesting.MappingVenue()[pri:7, instance:VenuesAutomation.CompleteVenueTesting@5ef8df1e]" name="MappingVenue" class="VenuesAutomation.CompleteVenueTesting"/>
        <method signature="CompleteVenueTesting.mapinvalidOrganization()[pri:4, instance:VenuesAutomation.CompleteVenueTesting@5ef8df1e]" name="mapinvalidOrganization" class="VenuesAutomation.CompleteVenueTesting"/>
        <method signature="CompleteVenueTesting.mapinvalidToken()[pri:5, instance:VenuesAutomation.CompleteVenueTesting@5ef8df1e]" name="mapinvalidToken" class="VenuesAutomation.CompleteVenueTesting"/>
        <method signature="CompleteVenueTesting.mapinvalidVenue()[pri:6, instance:VenuesAutomation.CompleteVenueTesting@5ef8df1e]" name="mapinvalidVenue" class="VenuesAutomation.CompleteVenueTesting"/>
      </group> <!-- MapAdminWithVenue -->
      <group name="EnableInviteforGrpmembers">
        <method signature="CompleteVenueTesting.enableInviteGroup()[pri:4, instance:VenuesAutomation.CompleteVenueTesting@5ef8df1e]" name="enableInviteGroup" class="VenuesAutomation.CompleteVenueTesting"/>
        <method signature="CompleteVenueTesting.inviteinvalidGroup()[pri:16, instance:VenuesAutomation.CompleteVenueTesting@5ef8df1e]" name="inviteinvalidGroup" class="VenuesAutomation.CompleteVenueTesting"/>
        <method signature="CompleteVenueTesting.inviteinvalidOrganization()[pri:14, instance:VenuesAutomation.CompleteVenueTesting@5ef8df1e]" name="inviteinvalidOrganization" class="VenuesAutomation.CompleteVenueTesting"/>
        <method signature="CompleteVenueTesting.inviteinvalidToken()[pri:15, instance:VenuesAutomation.CompleteVenueTesting@5ef8df1e]" name="inviteinvalidToken" class="VenuesAutomation.CompleteVenueTesting"/>
      </group> <!-- EnableInviteforGrpmembers -->
      <group name="addVenue">
        <method signature="CompleteVenueTesting.addVenue()[pri:1, instance:VenuesAutomation.CompleteVenueTesting@5ef8df1e]" name="addVenue" class="VenuesAutomation.CompleteVenueTesting"/>
        <method signature="CompleteVenueTesting.invalidOrganization()[pri:2, instance:VenuesAutomation.CompleteVenueTesting@5ef8df1e]" name="invalidOrganization" class="VenuesAutomation.CompleteVenueTesting"/>
        <method signature="CompleteVenueTesting.invalidToken()[pri:3, instance:VenuesAutomation.CompleteVenueTesting@5ef8df1e]" name="invalidToken" class="VenuesAutomation.CompleteVenueTesting"/>
      </group> <!-- addVenue -->
    </groups>
    <test name="Default test" duration-ms="32096" started-at="2019-06-03T09:05:39Z" finished-at="2019-06-03T09:06:12Z">
      <class name="VenuesAutomation.CompleteVenueTesting">
        <test-method status="PASS" signature="addVenue()[pri:1, instance:VenuesAutomation.CompleteVenueTesting@5ef8df1e]" name="addVenue" duration-ms="2560" started-at="2019-06-03T14:35:39Z" finished-at="2019-06-03T14:35:42Z">
          <reporter-output>
          </reporter-output>
        </test-method> <!-- addVenue -->
        <test-method status="PASS" signature="invalidOrganization()[pri:2, instance:VenuesAutomation.CompleteVenueTesting@5ef8df1e]" name="invalidOrganization" duration-ms="1801" started-at="2019-06-03T14:35:42Z" finished-at="2019-06-03T14:35:44Z">
          <reporter-output>
          </reporter-output>
        </test-method> <!-- invalidOrganization -->
        <test-method status="PASS" signature="invalidToken()[pri:3, instance:VenuesAutomation.CompleteVenueTesting@5ef8df1e]" name="invalidToken" duration-ms="1890" started-at="2019-06-03T14:35:44Z" finished-at="2019-06-03T14:35:46Z">
          <reporter-output>
          </reporter-output>
        </test-method> <!-- invalidToken -->
        <test-method status="PASS" signature="enableInviteGroup()[pri:4, instance:VenuesAutomation.CompleteVenueTesting@5ef8df1e]" name="enableInviteGroup" duration-ms="1835" started-at="2019-06-03T14:35:46Z" finished-at="2019-06-03T14:35:48Z">
          <reporter-output>
          </reporter-output>
        </test-method> <!-- enableInviteGroup -->
        <test-method status="PASS" signature="mapinvalidOrganization()[pri:4, instance:VenuesAutomation.CompleteVenueTesting@5ef8df1e]" name="mapinvalidOrganization" duration-ms="1853" started-at="2019-06-03T14:35:48Z" depends-on-methods="VenuesAutomation.CompleteVenueTesting.addVenue" finished-at="2019-06-03T14:35:49Z">
          <reporter-output>
          </reporter-output>
        </test-method> <!-- mapinvalidOrganization -->
        <test-method status="PASS" signature="mapinvalidToken()[pri:5, instance:VenuesAutomation.CompleteVenueTesting@5ef8df1e]" name="mapinvalidToken" duration-ms="1908" started-at="2019-06-03T14:35:49Z" depends-on-methods="VenuesAutomation.CompleteVenueTesting.addVenue" finished-at="2019-06-03T14:35:51Z">
          <reporter-output>
          </reporter-output>
        </test-method> <!-- mapinvalidToken -->
        <test-method status="PASS" signature="mapinvalidVenue()[pri:6, instance:VenuesAutomation.CompleteVenueTesting@5ef8df1e]" name="mapinvalidVenue" duration-ms="2024" started-at="2019-06-03T14:35:51Z" depends-on-methods="VenuesAutomation.CompleteVenueTesting.addVenue" finished-at="2019-06-03T14:35:53Z">
          <reporter-output>
          </reporter-output>
        </test-method> <!-- mapinvalidVenue -->
        <test-method status="PASS" signature="MappingVenue()[pri:7, instance:VenuesAutomation.CompleteVenueTesting@5ef8df1e]" name="MappingVenue" duration-ms="1988" started-at="2019-06-03T14:35:53Z" depends-on-methods="VenuesAutomation.CompleteVenueTesting.addVenue" finished-at="2019-06-03T14:35:55Z">
          <reporter-output>
          </reporter-output>
        </test-method> <!-- MappingVenue -->
        <test-method status="PASS" signature="grpinvalidOrganization()[pri:8, instance:VenuesAutomation.CompleteVenueTesting@5ef8df1e]" name="grpinvalidOrganization" duration-ms="1675" started-at="2019-06-03T14:35:55Z" depends-on-methods="VenuesAutomation.CompleteVenueTesting.MappingVenue" finished-at="2019-06-03T14:35:57Z">
          <reporter-output>
          </reporter-output>
        </test-method> <!-- grpinvalidOrganization -->
        <test-method status="PASS" signature="grpinvalidToken()[pri:9, instance:VenuesAutomation.CompleteVenueTesting@5ef8df1e]" name="grpinvalidToken" duration-ms="1748" started-at="2019-06-03T14:35:57Z" depends-on-methods="VenuesAutomation.CompleteVenueTesting.MappingVenue" finished-at="2019-06-03T14:35:59Z">
          <reporter-output>
          </reporter-output>
        </test-method> <!-- grpinvalidToken -->
        <test-method status="PASS" signature="invalidVenue()[pri:10, instance:VenuesAutomation.CompleteVenueTesting@5ef8df1e]" name="invalidVenue" duration-ms="1752" started-at="2019-06-03T14:35:59Z" depends-on-methods="VenuesAutomation.CompleteVenueTesting.MappingVenue" finished-at="2019-06-03T14:36:01Z">
          <reporter-output>
          </reporter-output>
        </test-method> <!-- invalidVenue -->
        <test-method status="PASS" signature="invalidGroup()[pri:11, instance:VenuesAutomation.CompleteVenueTesting@5ef8df1e]" name="invalidGroup" duration-ms="1890" started-at="2019-06-03T14:36:01Z" depends-on-methods="VenuesAutomation.CompleteVenueTesting.MappingVenue" finished-at="2019-06-03T14:36:02Z">
          <reporter-output>
          </reporter-output>
        </test-method> <!-- invalidGroup -->
        <test-method status="PASS" signature="invalidRoles()[pri:12, instance:VenuesAutomation.CompleteVenueTesting@5ef8df1e]" name="invalidRoles" duration-ms="1687" started-at="2019-06-03T14:36:02Z" depends-on-methods="VenuesAutomation.CompleteVenueTesting.MappingVenue" finished-at="2019-06-03T14:36:04Z">
          <reporter-output>
          </reporter-output>
        </test-method> <!-- invalidRoles -->
        <test-method status="PASS" signature="GroupVenuePermission()[pri:13, instance:VenuesAutomation.CompleteVenueTesting@5ef8df1e]" name="GroupVenuePermission" duration-ms="1785" started-at="2019-06-03T14:36:04Z" depends-on-methods="VenuesAutomation.CompleteVenueTesting.MappingVenue" finished-at="2019-06-03T14:36:06Z">
          <reporter-output>
          </reporter-output>
        </test-method> <!-- GroupVenuePermission -->
        <test-method status="PASS" signature="inviteinvalidOrganization()[pri:14, instance:VenuesAutomation.CompleteVenueTesting@5ef8df1e]" name="inviteinvalidOrganization" duration-ms="1855" started-at="2019-06-03T14:36:06Z" finished-at="2019-06-03T14:36:08Z">
          <reporter-output>
          </reporter-output>
        </test-method> <!-- inviteinvalidOrganization -->
        <test-method status="PASS" signature="inviteinvalidToken()[pri:15, instance:VenuesAutomation.CompleteVenueTesting@5ef8df1e]" name="inviteinvalidToken" duration-ms="1925" started-at="2019-06-03T14:36:08Z" finished-at="2019-06-03T14:36:10Z">
          <reporter-output>
          </reporter-output>
        </test-method> <!-- inviteinvalidToken -->
        <test-method status="PASS" signature="inviteinvalidGroup()[pri:16, instance:VenuesAutomation.CompleteVenueTesting@5ef8df1e]" name="inviteinvalidGroup" duration-ms="1759" started-at="2019-06-03T14:36:10Z" finished-at="2019-06-03T14:36:12Z">
          <reporter-output>
          </reporter-output>
        </test-method> <!-- inviteinvalidGroup -->
      </class> <!-- VenuesAutomation.CompleteVenueTesting -->
    </test> <!-- Default test -->
  </suite> <!-- Default suite -->
</testng-results>
